<?xml version="1.0" encoding="UTF-8"?>
<!-- Generated by org.testng.reporters.JUnitXMLReporter -->
<testsuite ignored="0" hostname="DESKTOP-C8CJIDH" failures="0" tests="3" name="HomePageTesting" time="279.953" errors="0" timestamp="2021-07-30T19:50:46 IST">
  <testcase classname="rahul.shettyTestcases.HomePage" name="SignInPage" time="33.84"/>
  <testcase classname="rahul.shettyTestcases.HomePage" name="TitlepageValidation" time="0.029"/>
  <testcase classname="rahul.shettyTestcases.HomePage" name="log" time="22.832"/>
</testsuite> <!-- HomePageTesting -->
